<?xml version="1.0" encoding="UTF-8"?>
<!-- Generated by org.testng.reporters.JUnitXMLReporter -->
<testsuite hostname="hp" ignored="0" name="Default test" tests="15" failures="4" timestamp="22 May 2020 01:44:52 GMT" time="24.607" errors="0">
  <testcase name="BAU_FirstPageTextualValidations" time="14.974" classname="com.VerizonTest.TestApplication2"/>
  <testcase name="BAU_SecondPageTextualValidations" time="0.476" classname="com.VerizonTest.TestApplication2"/>
  <testcase name="BAU_ThirdPageTextualValidations" time="0.291" classname="com.VerizonTest.TestApplication2"/>
  <testcase name="ImageComparison_FirstPage_BAU" time="0.279" classname="com.VerizonTest.TestApplication2"/>
  <testcase name="ImageComparison_ThirdPage_BAU" time="0.112" classname="com.VerizonTest.TestApplication2">
    <failure type="com.pdfunit.errors.PDFUnitValidationException" message="Expected image &amp;apos;C:\Users\u...ages_Extraction\purchaseReceipt_PDF_resource_2.png&amp;apos; not found on specified page(s) [3] in &amp;apos;C:\Users\u...est\resources\VerizonFiles\purchaseReceipt_PDF.pdf&amp;apos;. Diff-image for mismatch: &amp;apos;./purchaseReceipt_PDF.pdf.20200522-071444445.out.png&amp;apos;.">
      <![CDATA[com.pdfunit.errors.PDFUnitValidationException: Expected image 'C:\Users\u...ages_Extraction\purchaseReceipt_PDF_resource_2.png' not found on specified page(s) [3] in 'C:\Users\u...est\resources\VerizonFiles\purchaseReceipt_PDF.pdf'. Diff-image for mismatch: './purchaseReceipt_PDF.pdf.20200522-071444445.out.png'.
at obfuscated.dz.b(SourceFile:95)
at com.pdfunit.validators.ImageValidator.matching(SourceFile:123)
at com.VerizonTest.TestApplication2.ImageComparison_ThirdPage_BAU(TestApplication2.java:221)
at sun.reflect.NativeMethodAccessorImpl.invoke0(Native Method)
at sun.reflect.NativeMethodAccessorImpl.invoke(Unknown Source)
at sun.reflect.DelegatingMethodAccessorImpl.invoke(Unknown Source)
at java.lang.reflect.Method.invoke(Unknown Source)
at org.testng.internal.MethodInvocationHelper.invokeMethod(MethodInvocationHelper.java:124)
at org.testng.internal.Invoker.invokeMethod(Invoker.java:580)
at org.testng.internal.Invoker.invokeTestMethod(Invoker.java:716)
at org.testng.internal.Invoker.invokeTestMethods(Invoker.java:988)
at org.testng.internal.TestMethodWorker.invokeTestMethods(TestMethodWorker.java:125)
at org.testng.internal.TestMethodWorker.run(TestMethodWorker.java:109)
at org.testng.TestRunner.privateRun(TestRunner.java:648)
at org.testng.TestRunner.run(TestRunner.java:505)
at org.testng.SuiteRunner.runTest(SuiteRunner.java:455)
at org.testng.SuiteRunner.runSequentially(SuiteRunner.java:450)
at org.testng.SuiteRunner.privateRun(SuiteRunner.java:415)
at org.testng.SuiteRunner.run(SuiteRunner.java:364)
at org.testng.SuiteRunnerWorker.runSuite(SuiteRunnerWorker.java:52)
at org.testng.SuiteRunnerWorker.run(SuiteRunnerWorker.java:84)
at org.testng.TestNG.runSuitesSequentially(TestNG.java:1208)
at org.testng.TestNG.runSuitesLocally(TestNG.java:1137)
at org.testng.TestNG.runSuites(TestNG.java:1049)
at org.testng.TestNG.run(TestNG.java:1017)
at org.testng.remote.AbstractRemoteTestNG.run(AbstractRemoteTestNG.java:114)
at org.testng.remote.RemoteTestNG.initAndRun(RemoteTestNG.java:251)
at org.testng.remote.RemoteTestNG.main(RemoteTestNG.java:77)
]]>
    </failure>
  </testcase> <!-- ImageComparison_ThirdPage_BAU -->
  <testcase name="NSA_FirstPageTextualValidations" time="0.239" classname="com.VerizonTest.TestApplication2"/>
  <testcase name="NSA_SecondPageTextualValidations" time="0.331" classname="com.VerizonTest.TestApplication2"/>
  <testcase name="NSA_ThirdPageTextualValidations" time="0.132" classname="com.VerizonTest.TestApplication2"/>
  <testcase name="PageValidation_BAU" time="0.016" classname="com.VerizonTest.TestApplication2"/>
  <testcase name="PageValidation_NSA" time="0.017" classname="com.VerizonTest.TestApplication2">
    <failure type="com.pdfunit.errors.PDFUnitValidationException" message="Unexpected number of pages in &amp;apos;C:\Users\u...ers\user\Desktop\Generated\purchaseReceipt_PDF.pdf&amp;apos;. Expected: 4, but was: 3.">
      <![CDATA[com.pdfunit.errors.PDFUnitValidationException: Unexpected number of pages in 'C:\Users\u...ers\user\Desktop\Generated\purchaseReceipt_PDF.pdf'. Expected: 4, but was: 3.
at obfuscated.ct.b(SourceFile:52)
at com.pdfunit.validators.DocumentValidator.hasNumberOfPages(SourceFile:868)
at com.VerizonTest.TestApplication2.PageValidation_NSA(TestApplication2.java:53)
at sun.reflect.NativeMethodAccessorImpl.invoke0(Native Method)
at sun.reflect.NativeMethodAccessorImpl.invoke(Unknown Source)
at sun.reflect.DelegatingMethodAccessorImpl.invoke(Unknown Source)
at java.lang.reflect.Method.invoke(Unknown Source)
at org.testng.internal.MethodInvocationHelper.invokeMethod(MethodInvocationHelper.java:124)
at org.testng.internal.Invoker.invokeMethod(Invoker.java:580)
at org.testng.internal.Invoker.invokeTestMethod(Invoker.java:716)
at org.testng.internal.Invoker.invokeTestMethods(Invoker.java:988)
at org.testng.internal.TestMethodWorker.invokeTestMethods(TestMethodWorker.java:125)
at org.testng.internal.TestMethodWorker.run(TestMethodWorker.java:109)
at org.testng.TestRunner.privateRun(TestRunner.java:648)
at org.testng.TestRunner.run(TestRunner.java:505)
at org.testng.SuiteRunner.runTest(SuiteRunner.java:455)
at org.testng.SuiteRunner.runSequentially(SuiteRunner.java:450)
at org.testng.SuiteRunner.privateRun(SuiteRunner.java:415)
at org.testng.SuiteRunner.run(SuiteRunner.java:364)
at org.testng.SuiteRunnerWorker.runSuite(SuiteRunnerWorker.java:52)
at org.testng.SuiteRunnerWorker.run(SuiteRunnerWorker.java:84)
at org.testng.TestNG.runSuitesSequentially(TestNG.java:1208)
at org.testng.TestNG.runSuitesLocally(TestNG.java:1137)
at org.testng.TestNG.runSuites(TestNG.java:1049)
at org.testng.TestNG.run(TestNG.java:1017)
at org.testng.remote.AbstractRemoteTestNG.run(AbstractRemoteTestNG.java:114)
at org.testng.remote.RemoteTestNG.initAndRun(RemoteTestNG.java:251)
at org.testng.remote.RemoteTestNG.main(RemoteTestNG.java:77)
]]>
    </failure>
  </testcase> <!-- PageValidation_NSA -->
  <testcase name="RandomImageComparison" time="0.348" classname="com.VerizonTest.TestApplication2">
    <failure type="com.pdfunit.errors.PDFUnitValidationException" message="Expected image &amp;apos;C:\Users\u...df-in-tests\images\exported-image_ant-logo-PNG.png&amp;apos; not found on specified page(s) [1, 2, 3] in &amp;apos;C:\Users\u...rizonFiles\3_Device upgrade single_Receipt (1).pdf&amp;apos;. Diff-image for mismatch: &amp;apos;./3_Device upgrade single_Receipt (1).pdf.20200522-071445638.out.png&amp;apos;.">
      <![CDATA[com.pdfunit.errors.PDFUnitValidationException: Expected image 'C:\Users\u...df-in-tests\images\exported-image_ant-logo-PNG.png' not found on specified page(s) [1, 2, 3] in 'C:\Users\u...rizonFiles\3_Device upgrade single_Receipt (1).pdf'. Diff-image for mismatch: './3_Device upgrade single_Receipt (1).pdf.20200522-071445638.out.png'.
at obfuscated.dz.b(SourceFile:95)
at com.pdfunit.validators.ImageValidator.matching(SourceFile:123)
at com.VerizonTest.TestApplication2.RandomImageComparison(TestApplication2.java:233)
at sun.reflect.NativeMethodAccessorImpl.invoke0(Native Method)
at sun.reflect.NativeMethodAccessorImpl.invoke(Unknown Source)
at sun.reflect.DelegatingMethodAccessorImpl.invoke(Unknown Source)
at java.lang.reflect.Method.invoke(Unknown Source)
at org.testng.internal.MethodInvocationHelper.invokeMethod(MethodInvocationHelper.java:124)
at org.testng.internal.Invoker.invokeMethod(Invoker.java:580)
at org.testng.internal.Invoker.invokeTestMethod(Invoker.java:716)
at org.testng.internal.Invoker.invokeTestMethods(Invoker.java:988)
at org.testng.internal.TestMethodWorker.invokeTestMethods(TestMethodWorker.java:125)
at org.testng.internal.TestMethodWorker.run(TestMethodWorker.java:109)
at org.testng.TestRunner.privateRun(TestRunner.java:648)
at org.testng.TestRunner.run(TestRunner.java:505)
at org.testng.SuiteRunner.runTest(SuiteRunner.java:455)
at org.testng.SuiteRunner.runSequentially(SuiteRunner.java:450)
at org.testng.SuiteRunner.privateRun(SuiteRunner.java:415)
at org.testng.SuiteRunner.run(SuiteRunner.java:364)
at org.testng.SuiteRunnerWorker.runSuite(SuiteRunnerWorker.java:52)
at org.testng.SuiteRunnerWorker.run(SuiteRunnerWorker.java:84)
at org.testng.TestNG.runSuitesSequentially(TestNG.java:1208)
at org.testng.TestNG.runSuitesLocally(TestNG.java:1137)
at org.testng.TestNG.runSuites(TestNG.java:1049)
at org.testng.TestNG.run(TestNG.java:1017)
at org.testng.remote.AbstractRemoteTestNG.run(AbstractRemoteTestNG.java:114)
at org.testng.remote.RemoteTestNG.initAndRun(RemoteTestNG.java:251)
at org.testng.remote.RemoteTestNG.main(RemoteTestNG.java:77)
]]>
    </failure>
  </testcase> <!-- RandomImageComparison -->
  <testcase name="VisualImageComparison" time="6.966" classname="com.VerizonTest.TestApplication2"/>
  <testcase name="fontType_BAU" time="0.03" classname="com.VerizonTest.TestApplication2"/>
  <testcase name="fontType_NAS" time="0.017" classname="com.VerizonTest.TestApplication2"/>
  <testcase name="fontType_NegativeScenario" time="0.045" classname="com.VerizonTest.TestApplication2">
    <failure type="com.pdfunit.errors.PDFUnitValidationException" message="&amp;apos;C:\Users\u...est\resources\VerizonFiles\purchaseReceipt_PDF.pdf&amp;apos; does not contain a font with a name containing &amp;apos;Arial&amp;apos;.">
      <![CDATA[com.pdfunit.errors.PDFUnitValidationException: 'C:\Users\u...est\resources\VerizonFiles\purchaseReceipt_PDF.pdf' does not contain a font with a name containing 'Arial'.
at obfuscated.bs.b(SourceFile:59)
at com.pdfunit.validators.FontNameValidator.withNameContaining(SourceFile:46)
at com.VerizonTest.TestApplication2.fontType_NegativeScenario(TestApplication2.java:97)
at sun.reflect.NativeMethodAccessorImpl.invoke0(Native Method)
at sun.reflect.NativeMethodAccessorImpl.invoke(Unknown Source)
at sun.reflect.DelegatingMethodAccessorImpl.invoke(Unknown Source)
at java.lang.reflect.Method.invoke(Unknown Source)
at org.testng.internal.MethodInvocationHelper.invokeMethod(MethodInvocationHelper.java:124)
at org.testng.internal.Invoker.invokeMethod(Invoker.java:580)
at org.testng.internal.Invoker.invokeTestMethod(Invoker.java:716)
at org.testng.internal.Invoker.invokeTestMethods(Invoker.java:988)
at org.testng.internal.TestMethodWorker.invokeTestMethods(TestMethodWorker.java:125)
at org.testng.internal.TestMethodWorker.run(TestMethodWorker.java:109)
at org.testng.TestRunner.privateRun(TestRunner.java:648)
at org.testng.TestRunner.run(TestRunner.java:505)
at org.testng.SuiteRunner.runTest(SuiteRunner.java:455)
at org.testng.SuiteRunner.runSequentially(SuiteRunner.java:450)
at org.testng.SuiteRunner.privateRun(SuiteRunner.java:415)
at org.testng.SuiteRunner.run(SuiteRunner.java:364)
at org.testng.SuiteRunnerWorker.runSuite(SuiteRunnerWorker.java:52)
at org.testng.SuiteRunnerWorker.run(SuiteRunnerWorker.java:84)
at org.testng.TestNG.runSuitesSequentially(TestNG.java:1208)
at org.testng.TestNG.runSuitesLocally(TestNG.java:1137)
at org.testng.TestNG.runSuites(TestNG.java:1049)
at org.testng.TestNG.run(TestNG.java:1017)
at org.testng.remote.AbstractRemoteTestNG.run(AbstractRemoteTestNG.java:114)
at org.testng.remote.RemoteTestNG.initAndRun(RemoteTestNG.java:251)
at org.testng.remote.RemoteTestNG.main(RemoteTestNG.java:77)
]]>
    </failure>
  </testcase> <!-- fontType_NegativeScenario -->
</testsuite> <!-- Default test -->
