<html>
<head>
<title>TestNG:  Test</title>
<link href="../testng.css" rel="stylesheet" type="text/css" />
<link href="../my-testng.css" rel="stylesheet" type="text/css" />

<style type="text/css">
.log { display: none;} 
.stack-trace { display: none;} 
</style>
<script type="text/javascript">
<!--
function flip(e) {
  current = e.style.display;
  if (current == 'block') {
    e.style.display = 'none';
    return 0;
  }
  else {
    e.style.display = 'block';
    return 1;
  }
}

function toggleBox(szDivId, elem, msg1, msg2)
{
  var res = -1;  if (document.getElementById) {
    res = flip(document.getElementById(szDivId));
  }
  else if (document.all) {
    // this is the way old msie versions work
    res = flip(document.all[szDivId]);
  }
  if(elem) {
    if(res == 0) elem.innerHTML = msg1; else elem.innerHTML = msg2;
  }

}

function toggleAllBoxes() {
  if (document.getElementsByTagName) {
    d = document.getElementsByTagName('div');
    for (i = 0; i < d.length; i++) {
      if (d[i].className == 'log') {
        flip(d[i]);
      }
    }
  }
}

// -->
</script>

</head>
<body>
<h2 align='center'>Test</h2><table border='1' align="center">
<tr>
<td>Tests passed/Failed/Skipped:</td><td>16/5/0</td>
</tr><tr>
<td>Started on:</td><td>Fri May 22 07:25:47 IST 2020</td>
</tr>
<tr><td>Total time:</td><td>41 seconds (41222 ms)</td>
</tr><tr>
<td>Included groups:</td><td></td>
</tr><tr>
<td>Excluded groups:</td><td></td>
</tr>
</table><p/>
<small><i>(Hover the method name to see the test class name)</i></small><p/>
<table width='100%' border='1' class='invocation-failed'>
<tr><td colspan='4' align='center'><b>FAILED TESTS</b></td></tr>
<tr><td><b>Test method</b></td>
<td width="30%"><b>Exception</b></td>
<td width="10%"><b>Time (seconds)</b></td>
<td><b>Instance</b></td>
</tr>
<tr>
<td title='com.VerizonTest.TestApplication2.ImageComparison_ThirdPage_BAU()'><b>ImageComparison_ThirdPage_BAU</b><br>Test class: com.VerizonTest.TestApplication2<br>Test method: validating verizon logo(present in 1st page) with the NSA pdf-- 3rd page</td>
<td><div><pre>com.pdfunit.errors.PDFUnitValidationException: Expected image &apos;C:\Users\u...ages_Extraction\purchaseReceipt_PDF_resource_2.png&apos; not found on specified page(s) [3] in &apos;C:\Users\u...est\resources\VerizonFiles\purchaseReceipt_PDF.pdf&apos;. Diff-image for mismatch: &apos;./purchaseReceipt_PDF.pdf.20200522-072621136.out.png&apos;.
	at obfuscated.dz.b(SourceFile:95)
	at com.pdfunit.validators.ImageValidator.matching(SourceFile:123)
	at com.VerizonTest.TestApplication2.ImageComparison_ThirdPage_BAU(TestApplication2.java:221)
... Removed 25 stack frames</pre></div><a href='#' onClick='toggleBox("stack-trace1921553024", this, "Click to show all stack frames", "Click to hide stack frames")'>Click to show all stack frames</a>
<div class='stack-trace' id='stack-trace1921553024'><pre>com.pdfunit.errors.PDFUnitValidationException: Expected image &apos;C:\Users\u...ages_Extraction\purchaseReceipt_PDF_resource_2.png&apos; not found on specified page(s) [3] in &apos;C:\Users\u...est\resources\VerizonFiles\purchaseReceipt_PDF.pdf&apos;. Diff-image for mismatch: &apos;./purchaseReceipt_PDF.pdf.20200522-072621136.out.png&apos;.
	at obfuscated.dz.b(SourceFile:95)
	at com.pdfunit.validators.ImageValidator.matching(SourceFile:123)
	at com.VerizonTest.TestApplication2.ImageComparison_ThirdPage_BAU(TestApplication2.java:221)
	at sun.reflect.NativeMethodAccessorImpl.invoke0(Native Method)
	at sun.reflect.NativeMethodAccessorImpl.invoke(Unknown Source)
	at sun.reflect.DelegatingMethodAccessorImpl.invoke(Unknown Source)
	at java.lang.reflect.Method.invoke(Unknown Source)
	at org.testng.internal.MethodInvocationHelper.invokeMethod(MethodInvocationHelper.java:124)
	at org.testng.internal.Invoker.invokeMethod(Invoker.java:580)
	at org.testng.internal.Invoker.invokeTestMethod(Invoker.java:716)
	at org.testng.internal.Invoker.invokeTestMethods(Invoker.java:988)
	at org.testng.internal.TestMethodWorker.invokeTestMethods(TestMethodWorker.java:125)
	at org.testng.internal.TestMethodWorker.run(TestMethodWorker.java:109)
	at org.testng.TestRunner.privateRun(TestRunner.java:648)
	at org.testng.TestRunner.run(TestRunner.java:505)
	at org.testng.SuiteRunner.runTest(SuiteRunner.java:455)
	at org.testng.SuiteRunner.runSequentially(SuiteRunner.java:450)
	at org.testng.SuiteRunner.privateRun(SuiteRunner.java:415)
	at org.testng.SuiteRunner.run(SuiteRunner.java:364)
	at org.testng.SuiteRunnerWorker.runSuite(SuiteRunnerWorker.java:52)
	at org.testng.SuiteRunnerWorker.run(SuiteRunnerWorker.java:84)
	at org.testng.TestNG.runSuitesSequentially(TestNG.java:1208)
	at org.testng.TestNG.runSuitesLocally(TestNG.java:1137)
	at org.testng.TestNG.runSuites(TestNG.java:1049)
	at org.testng.TestNG.run(TestNG.java:1017)
	at org.testng.remote.AbstractRemoteTestNG.run(AbstractRemoteTestNG.java:114)
	at org.testng.remote.RemoteTestNG.initAndRun(RemoteTestNG.java:251)
	at org.testng.remote.RemoteTestNG.main(RemoteTestNG.java:77)
</pre></div></td>
<td>0</td>
<td>com.VerizonTest.TestApplication2@5579bb86</td></tr>
<tr>
<td title='com.VerizonTest.TestApplication2.PageValidation_NSA()'><b>PageValidation_NSA</b><br>Test class: com.VerizonTest.TestApplication2<br>Test method: Validating the default pages present in the NAS - PDF</td>
<td><div><pre>com.pdfunit.errors.PDFUnitValidationException: Unexpected number of pages in &apos;C:\Users\u...ers\user\Desktop\Generated\purchaseReceipt_PDF.pdf&apos;. Expected: 4, but was: 3.
	at obfuscated.ct.b(SourceFile:52)
	at com.pdfunit.validators.DocumentValidator.hasNumberOfPages(SourceFile:868)
	at com.VerizonTest.TestApplication2.PageValidation_NSA(TestApplication2.java:53)
... Removed 25 stack frames</pre></div><a href='#' onClick='toggleBox("stack-trace507583873", this, "Click to show all stack frames", "Click to hide stack frames")'>Click to show all stack frames</a>
<div class='stack-trace' id='stack-trace507583873'><pre>com.pdfunit.errors.PDFUnitValidationException: Unexpected number of pages in &apos;C:\Users\u...ers\user\Desktop\Generated\purchaseReceipt_PDF.pdf&apos;. Expected: 4, but was: 3.
	at obfuscated.ct.b(SourceFile:52)
	at com.pdfunit.validators.DocumentValidator.hasNumberOfPages(SourceFile:868)
	at com.VerizonTest.TestApplication2.PageValidation_NSA(TestApplication2.java:53)
	at sun.reflect.NativeMethodAccessorImpl.invoke0(Native Method)
	at sun.reflect.NativeMethodAccessorImpl.invoke(Unknown Source)
	at sun.reflect.DelegatingMethodAccessorImpl.invoke(Unknown Source)
	at java.lang.reflect.Method.invoke(Unknown Source)
	at org.testng.internal.MethodInvocationHelper.invokeMethod(MethodInvocationHelper.java:124)
	at org.testng.internal.Invoker.invokeMethod(Invoker.java:580)
	at org.testng.internal.Invoker.invokeTestMethod(Invoker.java:716)
	at org.testng.internal.Invoker.invokeTestMethods(Invoker.java:988)
	at org.testng.internal.TestMethodWorker.invokeTestMethods(TestMethodWorker.java:125)
	at org.testng.internal.TestMethodWorker.run(TestMethodWorker.java:109)
	at org.testng.TestRunner.privateRun(TestRunner.java:648)
	at org.testng.TestRunner.run(TestRunner.java:505)
	at org.testng.SuiteRunner.runTest(SuiteRunner.java:455)
	at org.testng.SuiteRunner.runSequentially(SuiteRunner.java:450)
	at org.testng.SuiteRunner.privateRun(SuiteRunner.java:415)
	at org.testng.SuiteRunner.run(SuiteRunner.java:364)
	at org.testng.SuiteRunnerWorker.runSuite(SuiteRunnerWorker.java:52)
	at org.testng.SuiteRunnerWorker.run(SuiteRunnerWorker.java:84)
	at org.testng.TestNG.runSuitesSequentially(TestNG.java:1208)
	at org.testng.TestNG.runSuitesLocally(TestNG.java:1137)
	at org.testng.TestNG.runSuites(TestNG.java:1049)
	at org.testng.TestNG.run(TestNG.java:1017)
	at org.testng.remote.AbstractRemoteTestNG.run(AbstractRemoteTestNG.java:114)
	at org.testng.remote.RemoteTestNG.initAndRun(RemoteTestNG.java:251)
	at org.testng.remote.RemoteTestNG.main(RemoteTestNG.java:77)
</pre></div></td>
<td>0</td>
<td>com.VerizonTest.TestApplication2@5579bb86</td></tr>
<tr>
<td title='com.VerizonTest.TestApplication2.RandomImageComparison()'><b>RandomImageComparison</b><br>Test class: com.VerizonTest.TestApplication2<br>Test method: Random Image Comparison</td>
<td><div><pre>com.pdfunit.errors.PDFUnitValidationException: Expected image &apos;C:\Users\u...df-in-tests\images\exported-image_ant-logo-PNG.png&apos; not found on specified page(s) [1, 2, 3] in &apos;C:\Users\u...rizonFiles\3_Device upgrade single_Receipt (1).pdf&apos;. Diff-image for mismatch: &apos;./3_Device upgrade single_Receipt (1).pdf.20200522-072622490.out.png&apos;.
	at obfuscated.dz.b(SourceFile:95)
	at com.pdfunit.validators.ImageValidator.matching(SourceFile:123)
	at com.VerizonTest.TestApplication2.RandomImageComparison(TestApplication2.java:233)
... Removed 25 stack frames</pre></div><a href='#' onClick='toggleBox("stack-trace467146800", this, "Click to show all stack frames", "Click to hide stack frames")'>Click to show all stack frames</a>
<div class='stack-trace' id='stack-trace467146800'><pre>com.pdfunit.errors.PDFUnitValidationException: Expected image &apos;C:\Users\u...df-in-tests\images\exported-image_ant-logo-PNG.png&apos; not found on specified page(s) [1, 2, 3] in &apos;C:\Users\u...rizonFiles\3_Device upgrade single_Receipt (1).pdf&apos;. Diff-image for mismatch: &apos;./3_Device upgrade single_Receipt (1).pdf.20200522-072622490.out.png&apos;.
	at obfuscated.dz.b(SourceFile:95)
	at com.pdfunit.validators.ImageValidator.matching(SourceFile:123)
	at com.VerizonTest.TestApplication2.RandomImageComparison(TestApplication2.java:233)
	at sun.reflect.NativeMethodAccessorImpl.invoke0(Native Method)
	at sun.reflect.NativeMethodAccessorImpl.invoke(Unknown Source)
	at sun.reflect.DelegatingMethodAccessorImpl.invoke(Unknown Source)
	at java.lang.reflect.Method.invoke(Unknown Source)
	at org.testng.internal.MethodInvocationHelper.invokeMethod(MethodInvocationHelper.java:124)
	at org.testng.internal.Invoker.invokeMethod(Invoker.java:580)
	at org.testng.internal.Invoker.invokeTestMethod(Invoker.java:716)
	at org.testng.internal.Invoker.invokeTestMethods(Invoker.java:988)
	at org.testng.internal.TestMethodWorker.invokeTestMethods(TestMethodWorker.java:125)
	at org.testng.internal.TestMethodWorker.run(TestMethodWorker.java:109)
	at org.testng.TestRunner.privateRun(TestRunner.java:648)
	at org.testng.TestRunner.run(TestRunner.java:505)
	at org.testng.SuiteRunner.runTest(SuiteRunner.java:455)
	at org.testng.SuiteRunner.runSequentially(SuiteRunner.java:450)
	at org.testng.SuiteRunner.privateRun(SuiteRunner.java:415)
	at org.testng.SuiteRunner.run(SuiteRunner.java:364)
	at org.testng.SuiteRunnerWorker.runSuite(SuiteRunnerWorker.java:52)
	at org.testng.SuiteRunnerWorker.run(SuiteRunnerWorker.java:84)
	at org.testng.TestNG.runSuitesSequentially(TestNG.java:1208)
	at org.testng.TestNG.runSuitesLocally(TestNG.java:1137)
	at org.testng.TestNG.runSuites(TestNG.java:1049)
	at org.testng.TestNG.run(TestNG.java:1017)
	at org.testng.remote.AbstractRemoteTestNG.run(AbstractRemoteTestNG.java:114)
	at org.testng.remote.RemoteTestNG.initAndRun(RemoteTestNG.java:251)
	at org.testng.remote.RemoteTestNG.main(RemoteTestNG.java:77)
</pre></div></td>
<td>0</td>
<td>com.VerizonTest.TestApplication2@5579bb86</td></tr>
<tr>
<td title='TestProj.ReportGeneration.TC005_ExcelDataValidation()'><b>TC005_ExcelDataValidation</b><br>Test class: TestProj.ReportGeneration</td>
<td><div><pre>java.lang.AssertionError: expected [true] but found [false]
	at TestProj.ReportGeneration.TC005_ExcelDataValidation(ReportGeneration.java:176)
... Removed 29 stack frames</pre></div><a href='#' onClick='toggleBox("stack-trace494953170", this, "Click to show all stack frames", "Click to hide stack frames")'>Click to show all stack frames</a>
<div class='stack-trace' id='stack-trace494953170'><pre>java.lang.AssertionError: expected [true] but found [false]
	at org.testng.Assert.fail(Assert.java:96)
	at org.testng.Assert.failNotEquals(Assert.java:776)
	at org.testng.Assert.assertTrue(Assert.java:44)
	at org.testng.Assert.assertTrue(Assert.java:54)
	at TestProj.ReportGeneration.TC005_ExcelDataValidation(ReportGeneration.java:176)
	at sun.reflect.NativeMethodAccessorImpl.invoke0(Native Method)
	at sun.reflect.NativeMethodAccessorImpl.invoke(Unknown Source)
	at sun.reflect.DelegatingMethodAccessorImpl.invoke(Unknown Source)
	at java.lang.reflect.Method.invoke(Unknown Source)
	at org.testng.internal.MethodInvocationHelper.invokeMethod(MethodInvocationHelper.java:124)
	at org.testng.internal.Invoker.invokeMethod(Invoker.java:580)
	at org.testng.internal.Invoker.invokeTestMethod(Invoker.java:716)
	at org.testng.internal.Invoker.invokeTestMethods(Invoker.java:988)
	at org.testng.internal.TestMethodWorker.invokeTestMethods(TestMethodWorker.java:125)
	at org.testng.internal.TestMethodWorker.run(TestMethodWorker.java:109)
	at org.testng.TestRunner.privateRun(TestRunner.java:648)
	at org.testng.TestRunner.run(TestRunner.java:505)
	at org.testng.SuiteRunner.runTest(SuiteRunner.java:455)
	at org.testng.SuiteRunner.runSequentially(SuiteRunner.java:450)
	at org.testng.SuiteRunner.privateRun(SuiteRunner.java:415)
	at org.testng.SuiteRunner.run(SuiteRunner.java:364)
	at org.testng.SuiteRunnerWorker.runSuite(SuiteRunnerWorker.java:52)
	at org.testng.SuiteRunnerWorker.run(SuiteRunnerWorker.java:84)
	at org.testng.TestNG.runSuitesSequentially(TestNG.java:1208)
	at org.testng.TestNG.runSuitesLocally(TestNG.java:1137)
	at org.testng.TestNG.runSuites(TestNG.java:1049)
	at org.testng.TestNG.run(TestNG.java:1017)
	at org.testng.remote.AbstractRemoteTestNG.run(AbstractRemoteTestNG.java:114)
	at org.testng.remote.RemoteTestNG.initAndRun(RemoteTestNG.java:251)
	at org.testng.remote.RemoteTestNG.main(RemoteTestNG.java:77)
</pre></div></td>
<td>0</td>
<td>TestProj.ReportGeneration@5c18298f</td></tr>
<tr>
<td title='com.VerizonTest.TestApplication2.fontType_NegativeScenario()'><b>fontType_NegativeScenario</b><br>Test class: com.VerizonTest.TestApplication2<br>Test method: Validates the negative scenario for either of the PDF schema</td>
<td><div><pre>com.pdfunit.errors.PDFUnitValidationException: &apos;C:\Users\u...est\resources\VerizonFiles\purchaseReceipt_PDF.pdf&apos; does not contain a font with a name containing &apos;Arial&apos;.
	at obfuscated.bs.b(SourceFile:59)
	at com.pdfunit.validators.FontNameValidator.withNameContaining(SourceFile:46)
	at com.VerizonTest.TestApplication2.fontType_NegativeScenario(TestApplication2.java:97)
... Removed 25 stack frames</pre></div><a href='#' onClick='toggleBox("stack-trace1412564235", this, "Click to show all stack frames", "Click to hide stack frames")'>Click to show all stack frames</a>
<div class='stack-trace' id='stack-trace1412564235'><pre>com.pdfunit.errors.PDFUnitValidationException: &apos;C:\Users\u...est\resources\VerizonFiles\purchaseReceipt_PDF.pdf&apos; does not contain a font with a name containing &apos;Arial&apos;.
	at obfuscated.bs.b(SourceFile:59)
	at com.pdfunit.validators.FontNameValidator.withNameContaining(SourceFile:46)
	at com.VerizonTest.TestApplication2.fontType_NegativeScenario(TestApplication2.java:97)
	at sun.reflect.NativeMethodAccessorImpl.invoke0(Native Method)
	at sun.reflect.NativeMethodAccessorImpl.invoke(Unknown Source)
	at sun.reflect.DelegatingMethodAccessorImpl.invoke(Unknown Source)
	at java.lang.reflect.Method.invoke(Unknown Source)
	at org.testng.internal.MethodInvocationHelper.invokeMethod(MethodInvocationHelper.java:124)
	at org.testng.internal.Invoker.invokeMethod(Invoker.java:580)
	at org.testng.internal.Invoker.invokeTestMethod(Invoker.java:716)
	at org.testng.internal.Invoker.invokeTestMethods(Invoker.java:988)
	at org.testng.internal.TestMethodWorker.invokeTestMethods(TestMethodWorker.java:125)
	at org.testng.internal.TestMethodWorker.run(TestMethodWorker.java:109)
	at org.testng.TestRunner.privateRun(TestRunner.java:648)
	at org.testng.TestRunner.run(TestRunner.java:505)
	at org.testng.SuiteRunner.runTest(SuiteRunner.java:455)
	at org.testng.SuiteRunner.runSequentially(SuiteRunner.java:450)
	at org.testng.SuiteRunner.privateRun(SuiteRunner.java:415)
	at org.testng.SuiteRunner.run(SuiteRunner.java:364)
	at org.testng.SuiteRunnerWorker.runSuite(SuiteRunnerWorker.java:52)
	at org.testng.SuiteRunnerWorker.run(SuiteRunnerWorker.java:84)
	at org.testng.TestNG.runSuitesSequentially(TestNG.java:1208)
	at org.testng.TestNG.runSuitesLocally(TestNG.java:1137)
	at org.testng.TestNG.runSuites(TestNG.java:1049)
	at org.testng.TestNG.run(TestNG.java:1017)
	at org.testng.remote.AbstractRemoteTestNG.run(AbstractRemoteTestNG.java:114)
	at org.testng.remote.RemoteTestNG.initAndRun(RemoteTestNG.java:251)
	at org.testng.remote.RemoteTestNG.main(RemoteTestNG.java:77)
</pre></div></td>
<td>0</td>
<td>com.VerizonTest.TestApplication2@5579bb86</td></tr>
</table><p>
<table width='100%' border='1' class='invocation-passed'>
<tr><td colspan='4' align='center'><b>PASSED TESTS</b></td></tr>
<tr><td><b>Test method</b></td>
<td width="30%"><b>Exception</b></td>
<td width="10%"><b>Time (seconds)</b></td>
<td><b>Instance</b></td>
</tr>
<tr>
<td title='com.VerizonTest.TestApplication2.BAU_FirstPageTextualValidations()'><b>BAU_FirstPageTextualValidations</b><br>Test class: com.VerizonTest.TestApplication2<br>Test method: Validates the textual Characters present in the 1st Page of The BAU</td>
<td></td>
<td>19</td>
<td>com.VerizonTest.TestApplication2@5579bb86</td></tr>
<tr>
<td title='com.VerizonTest.TestApplication2.BAU_SecondPageTextualValidations()'><b>BAU_SecondPageTextualValidations</b><br>Test class: com.VerizonTest.TestApplication2<br>Test method: Validates the textual Characters present in the 2nd Page of The BAU</td>
<td></td>
<td>0</td>
<td>com.VerizonTest.TestApplication2@5579bb86</td></tr>
<tr>
<td title='com.VerizonTest.TestApplication2.BAU_ThirdPageTextualValidations()'><b>BAU_ThirdPageTextualValidations</b><br>Test class: com.VerizonTest.TestApplication2<br>Test method: Validates the textual Characters present in the 3rd Page of The BAU</td>
<td></td>
<td>0</td>
<td>com.VerizonTest.TestApplication2@5579bb86</td></tr>
<tr>
<td title='com.VerizonTest.TestApplication2.ImageComparison_FirstPage_BAU()'><b>ImageComparison_FirstPage_BAU</b><br>Test class: com.VerizonTest.TestApplication2<br>Test method: validating verizon logo with the NSA pdf-- 1st page</td>
<td></td>
<td>0</td>
<td>com.VerizonTest.TestApplication2@5579bb86</td></tr>
<tr>
<td title='com.VerizonTest.TestApplication2.NSA_FirstPageTextualValidations()'><b>NSA_FirstPageTextualValidations</b><br>Test class: com.VerizonTest.TestApplication2<br>Test method: Validates the textual Characters present in the 1st Page of The NSA</td>
<td></td>
<td>0</td>
<td>com.VerizonTest.TestApplication2@5579bb86</td></tr>
<tr>
<td title='com.VerizonTest.TestApplication2.NSA_SecondPageTextualValidations()'><b>NSA_SecondPageTextualValidations</b><br>Test class: com.VerizonTest.TestApplication2<br>Test method: Validates the textual Characters present in the 2nd Page of The NSA</td>
<td></td>
<td>0</td>
<td>com.VerizonTest.TestApplication2@5579bb86</td></tr>
<tr>
<td title='com.VerizonTest.TestApplication2.NSA_ThirdPageTextualValidations()'><b>NSA_ThirdPageTextualValidations</b><br>Test class: com.VerizonTest.TestApplication2<br>Test method: Validates the textual Characters present in the 3rd Page of The NSA</td>
<td></td>
<td>0</td>
<td>com.VerizonTest.TestApplication2@5579bb86</td></tr>
<tr>
<td title='com.VerizonTest.TestApplication2.PageValidation_BAU()'><b>PageValidation_BAU</b><br>Test class: com.VerizonTest.TestApplication2<br>Test method: Validating the default pages present in the BAU - PDF</td>
<td></td>
<td>0</td>
<td>com.VerizonTest.TestApplication2@5579bb86</td></tr>
<tr>
<td title='TestProj.ReportGeneration.TC001_JsonRequest_validation()'><b>TC001_JsonRequest_validation</b><br>Test class: TestProj.ReportGeneration<br>Test method: Verify if the save button is enabled</td>
<td></td>
<td>0</td>
<td>TestProj.ReportGeneration@5c18298f</td></tr>
<tr>
<td title='TestProj.ReportGeneration.TC002_JsonDataGeneration()'><b>TC002_JsonDataGeneration</b><br>Test class: TestProj.ReportGeneration</td>
<td></td>
<td>0</td>
<td>TestProj.ReportGeneration@5c18298f</td></tr>
<tr>
<td title='TestProj.ReportGeneration.TC003_PDFDataGeneration()'><b>TC003_PDFDataGeneration</b><br>Test class: TestProj.ReportGeneration</td>
<td></td>
<td>0</td>
<td>TestProj.ReportGeneration@5c18298f</td></tr>
<tr>
<td title='TestProj.ReportGeneration.TC004_CommonDataGeneration()'><b>TC004_CommonDataGeneration</b><br>Test class: TestProj.ReportGeneration</td>
<td></td>
<td>0</td>
<td>TestProj.ReportGeneration@5c18298f</td></tr>
<tr>
<td title='com.VerizonTest.TestApplication2.VisualImageComparison()'><b>VisualImageComparison</b><br>Test class: com.VerizonTest.TestApplication2<br>Test method: visual comparison between the two pdfs</td>
<td></td>
<td>5</td>
<td>com.VerizonTest.TestApplication2@5579bb86</td></tr>
<tr>
<td title='com.VerizonTest.TestApplication2.fontType_BAU()'><b>fontType_BAU</b><br>Test class: com.VerizonTest.TestApplication2<br>Test method: Validates the default fonts present in the Schema Page for the BAU pdf</td>
<td></td>
<td>0</td>
<td>com.VerizonTest.TestApplication2@5579bb86</td></tr>
<tr>
<td title='com.VerizonTest.TestApplication2.fontType_NAS()'><b>fontType_NAS</b><br>Test class: com.VerizonTest.TestApplication2<br>Test method: Validates the default fonts present in the Schema Page for the NAS pdf</td>
<td></td>
<td>0</td>
<td>com.VerizonTest.TestApplication2@5579bb86</td></tr>
<tr>
<td title='TestProj.UtilityApplication.testExecutionflow()'><b>testExecutionflow</b><br>Test class: TestProj.UtilityApplication</td>
<td></td>
<td>11</td>
<td>TestProj.UtilityApplication@31f924f5</td></tr>
</table><p>
</body>
</html>