<?xml version="1.0" encoding="UTF-8"?>
<!-- Generated by org.testng.reporters.JUnitXMLReporter -->
<testsuite hostname="hp" ignored="0" name="Test" tests="21" failures="5" timestamp="22 May 2020 01:56:28 GMT" time="41.222" errors="0">
  <testcase name="testExecutionflow" time="11.842" classname="TestProj.UtilityApplication"/>
  <testcase name="TC001_JsonRequest_validation" time="0.006" classname="TestProj.ReportGeneration"/>
  <testcase name="TC002_JsonDataGeneration" time="0.058" classname="TestProj.ReportGeneration"/>
  <testcase name="TC003_PDFDataGeneration" time="0.378" classname="TestProj.ReportGeneration"/>
  <testcase name="TC004_CommonDataGeneration" time="0.278" classname="TestProj.ReportGeneration"/>
  <testcase name="TC005_ExcelDataValidation" time="0.038" classname="TestProj.ReportGeneration">
    <failure type="java.lang.AssertionError" message="expected [true] but found [false]">
      <![CDATA[java.lang.AssertionError: expected [true] but found [false]
at TestProj.ReportGeneration.TC005_ExcelDataValidation(ReportGeneration.java:176)
... Removed 29 stack frames]]>
    </failure>
  </testcase> <!-- TC005_ExcelDataValidation -->
  <testcase name="BAU_FirstPageTextualValidations" time="19.661" classname="com.VerizonTest.TestApplication2"/>
  <testcase name="BAU_SecondPageTextualValidations" time="0.259" classname="com.VerizonTest.TestApplication2"/>
  <testcase name="BAU_ThirdPageTextualValidations" time="0.188" classname="com.VerizonTest.TestApplication2"/>
  <testcase name="ImageComparison_FirstPage_BAU" time="0.354" classname="com.VerizonTest.TestApplication2"/>
  <testcase name="ImageComparison_ThirdPage_BAU" time="0.121" classname="com.VerizonTest.TestApplication2">
    <failure type="com.pdfunit.errors.PDFUnitValidationException" message="Expected image &amp;apos;C:\Users\u...ages_Extraction\purchaseReceipt_PDF_resource_2.png&amp;apos; not found on specified page(s) [3] in &amp;apos;C:\Users\u...est\resources\VerizonFiles\purchaseReceipt_PDF.pdf&amp;apos;. Diff-image for mismatch: &amp;apos;./purchaseReceipt_PDF.pdf.20200522-072621136.out.png&amp;apos;.">
      <![CDATA[com.pdfunit.errors.PDFUnitValidationException: Expected image 'C:\Users\u...ages_Extraction\purchaseReceipt_PDF_resource_2.png' not found on specified page(s) [3] in 'C:\Users\u...est\resources\VerizonFiles\purchaseReceipt_PDF.pdf'. Diff-image for mismatch: './purchaseReceipt_PDF.pdf.20200522-072621136.out.png'.
at obfuscated.dz.b(SourceFile:95)
at com.pdfunit.validators.ImageValidator.matching(SourceFile:123)
at com.VerizonTest.TestApplication2.ImageComparison_ThirdPage_BAU(TestApplication2.java:221)
... Removed 25 stack frames]]>
    </failure>
  </testcase> <!-- ImageComparison_ThirdPage_BAU -->
  <testcase name="NSA_FirstPageTextualValidations" time="0.293" classname="com.VerizonTest.TestApplication2"/>
  <testcase name="NSA_SecondPageTextualValidations" time="0.541" classname="com.VerizonTest.TestApplication2"/>
  <testcase name="NSA_ThirdPageTextualValidations" time="0.166" classname="com.VerizonTest.TestApplication2"/>
  <testcase name="PageValidation_BAU" time="0.01" classname="com.VerizonTest.TestApplication2"/>
  <testcase name="PageValidation_NSA" time="0.011" classname="com.VerizonTest.TestApplication2">
    <failure type="com.pdfunit.errors.PDFUnitValidationException" message="Unexpected number of pages in &amp;apos;C:\Users\u...ers\user\Desktop\Generated\purchaseReceipt_PDF.pdf&amp;apos;. Expected: 4, but was: 3.">
      <![CDATA[com.pdfunit.errors.PDFUnitValidationException: Unexpected number of pages in 'C:\Users\u...ers\user\Desktop\Generated\purchaseReceipt_PDF.pdf'. Expected: 4, but was: 3.
at obfuscated.ct.b(SourceFile:52)
at com.pdfunit.validators.DocumentValidator.hasNumberOfPages(SourceFile:868)
at com.VerizonTest.TestApplication2.PageValidation_NSA(TestApplication2.java:53)
... Removed 25 stack frames]]>
    </failure>
  </testcase> <!-- PageValidation_NSA -->
  <testcase name="RandomImageComparison" time="0.28" classname="com.VerizonTest.TestApplication2">
    <failure type="com.pdfunit.errors.PDFUnitValidationException" message="Expected image &amp;apos;C:\Users\u...df-in-tests\images\exported-image_ant-logo-PNG.png&amp;apos; not found on specified page(s) [1, 2, 3] in &amp;apos;C:\Users\u...rizonFiles\3_Device upgrade single_Receipt (1).pdf&amp;apos;. Diff-image for mismatch: &amp;apos;./3_Device upgrade single_Receipt (1).pdf.20200522-072622490.out.png&amp;apos;.">
      <![CDATA[com.pdfunit.errors.PDFUnitValidationException: Expected image 'C:\Users\u...df-in-tests\images\exported-image_ant-logo-PNG.png' not found on specified page(s) [1, 2, 3] in 'C:\Users\u...rizonFiles\3_Device upgrade single_Receipt (1).pdf'. Diff-image for mismatch: './3_Device upgrade single_Receipt (1).pdf.20200522-072622490.out.png'.
at obfuscated.dz.b(SourceFile:95)
at com.pdfunit.validators.ImageValidator.matching(SourceFile:123)
at com.VerizonTest.TestApplication2.RandomImageComparison(TestApplication2.java:233)
... Removed 25 stack frames]]>
    </failure>
  </testcase> <!-- RandomImageComparison -->
  <testcase name="VisualImageComparison" time="5.039" classname="com.VerizonTest.TestApplication2"/>
  <testcase name="fontType_BAU" time="0.026" classname="com.VerizonTest.TestApplication2"/>
  <testcase name="fontType_NAS" time="0.014" classname="com.VerizonTest.TestApplication2"/>
  <testcase name="fontType_NegativeScenario" time="0.018" classname="com.VerizonTest.TestApplication2">
    <failure type="com.pdfunit.errors.PDFUnitValidationException" message="&amp;apos;C:\Users\u...est\resources\VerizonFiles\purchaseReceipt_PDF.pdf&amp;apos; does not contain a font with a name containing &amp;apos;Arial&amp;apos;.">
      <![CDATA[com.pdfunit.errors.PDFUnitValidationException: 'C:\Users\u...est\resources\VerizonFiles\purchaseReceipt_PDF.pdf' does not contain a font with a name containing 'Arial'.
at obfuscated.bs.b(SourceFile:59)
at com.pdfunit.validators.FontNameValidator.withNameContaining(SourceFile:46)
at com.VerizonTest.TestApplication2.fontType_NegativeScenario(TestApplication2.java:97)
... Removed 25 stack frames]]>
    </failure>
  </testcase> <!-- fontType_NegativeScenario -->
</testsuite> <!-- Test -->
