<!DOCTYPE html PUBLIC "-//W3C//DTD XHTML 1.1//EN" "http://www.w3.org/TR/xhtml11/DTD/xhtml11.dtd">
<html xmlns="http://www.w3.org/1999/xhtml">
<head>
<meta http-equiv="content-type" content="text/html; charset=UTF-8"/>
<title>TestNG Report</title>
<style type="text/css">table {margin-bottom:10px;border-collapse:collapse;empty-cells:show}th,td {border:1px solid #009;padding:.25em .5em}th {vertical-align:bottom}td {vertical-align:top}table a {font-weight:bold}.stripe td {background-color: #E6EBF9}.num {text-align:right}.passedodd td {background-color: #3F3}.passedeven td {background-color: #0A0}.skippedodd td {background-color: #DDD}.skippedeven td {background-color: #CCC}.failedodd td,.attn {background-color: #F33}.failedeven td,.stripe .attn {background-color: #D00}.stacktrace {white-space:pre;font-family:monospace}.totop {font-size:85%;text-align:center;border-bottom:2px solid #000}.invisible {display:none}</style>
</head>
<body>
<table>
<tr><th>Test</th><th># Passed</th><th># Skipped</th><th># Failed</th><th>Time (ms)</th><th>Included Groups</th><th>Excluded Groups</th></tr>
<tr><th colspan="7">Suite</th></tr>
<tr><td><a href="#t0">Test</a></td><td class="num">16</td><td class="num">0</td><td class="num attn">5</td><td class="num">41,222</td><td></td><td></td></tr>
</table>
<table id='summary'><thead><tr><th>Class</th><th>Method</th><th>Start</th><th>Time (ms)</th></tr></thead><tbody><tr><th colspan="4">Suite</th></tr></tbody><tbody id="t0"><tr><th colspan="4">Test &#8212; failed</th></tr><tr class="failedeven"><td rowspan="1">TestProj.ReportGeneration</td><td><a href="#m0">TC005_ExcelDataValidation</a></td><td rowspan="1">1590112560556</td><td rowspan="1">38</td></tr><tr class="failedodd"><td rowspan="4">com.VerizonTest.TestApplication2</td><td><a href="#m1">ImageComparison_ThirdPage_BAU</a></td><td rowspan="1">1590112581104</td><td rowspan="1">121</td></tr><tr class="failedodd"><td><a href="#m2">PageValidation_NSA</a></td><td rowspan="1">1590112582303</td><td rowspan="1">11</td></tr><tr class="failedodd"><td><a href="#m3">RandomImageComparison</a></td><td rowspan="1">1590112582317</td><td rowspan="1">280</td></tr><tr class="failedodd"><td><a href="#m4">fontType_NegativeScenario</a></td><td rowspan="1">1590112587690</td><td rowspan="1">18</td></tr><tr><th colspan="4">Test &#8212; passed</th></tr><tr class="passedeven"><td rowspan="4">TestProj.ReportGeneration</td><td><a href="#m5">TC001_JsonRequest_validation</a></td><td rowspan="1">1590112559810</td><td rowspan="1">6</td></tr><tr class="passedeven"><td><a href="#m6">TC002_JsonDataGeneration</a></td><td rowspan="1">1590112559824</td><td rowspan="1">58</td></tr><tr class="passedeven"><td><a href="#m7">TC003_PDFDataGeneration</a></td><td rowspan="1">1590112559888</td><td rowspan="1">378</td></tr><tr class="passedeven"><td><a href="#m8">TC004_CommonDataGeneration</a></td><td rowspan="1">1590112560273</td><td rowspan="1">278</td></tr><tr class="passedodd"><td rowspan="1">TestProj.UtilityApplication</td><td><a href="#m9">testExecutionflow</a></td><td rowspan="1">1590112547958</td><td rowspan="1">11842</td></tr><tr class="passedeven"><td rowspan="11">com.VerizonTest.TestApplication2</td><td><a href="#m10">BAU_FirstPageTextualValidations</a></td><td rowspan="1">1590112560616</td><td rowspan="1">19661</td></tr><tr class="passedeven"><td><a href="#m11">BAU_SecondPageTextualValidations</a></td><td rowspan="1">1590112580289</td><td rowspan="1">259</td></tr><tr class="passedeven"><td><a href="#m12">BAU_ThirdPageTextualValidations</a></td><td rowspan="1">1590112580555</td><td rowspan="1">188</td></tr><tr class="passedeven"><td><a href="#m13">ImageComparison_FirstPage_BAU</a></td><td rowspan="1">1590112580749</td><td rowspan="1">354</td></tr><tr class="passedeven"><td><a href="#m14">NSA_FirstPageTextualValidations</a></td><td rowspan="1">1590112581260</td><td rowspan="1">293</td></tr><tr class="passedeven"><td><a href="#m15">NSA_SecondPageTextualValidations</a></td><td rowspan="1">1590112581561</td><td rowspan="1">541</td></tr><tr class="passedeven"><td><a href="#m16">NSA_ThirdPageTextualValidations</a></td><td rowspan="1">1590112582119</td><td rowspan="1">166</td></tr><tr class="passedeven"><td><a href="#m17">PageValidation_BAU</a></td><td rowspan="1">1590112582290</td><td rowspan="1">10</td></tr><tr class="passedeven"><td><a href="#m18">VisualImageComparison</a></td><td rowspan="1">1590112582604</td><td rowspan="1">5039</td></tr><tr class="passedeven"><td><a href="#m19">fontType_BAU</a></td><td rowspan="1">1590112587645</td><td rowspan="1">26</td></tr><tr class="passedeven"><td><a href="#m20">fontType_NAS</a></td><td rowspan="1">1590112587676</td><td rowspan="1">14</td></tr></tbody>
</table>
<h2>Test</h2><h3 id="m0">TestProj.ReportGeneration#TC005_ExcelDataValidation</h3><table class="result"><tr><th>Exception</th></tr><tr><td><div class="stacktrace">java.lang.AssertionError: expected [true] but found [false]
	at TestProj.ReportGeneration.TC005_ExcelDataValidation(ReportGeneration.java:176)
... Removed 29 stack frames</div></td></tr></table><p class="totop"><a href="#summary">back to summary</a></p>
<h3 id="m1">com.VerizonTest.TestApplication2#ImageComparison_ThirdPage_BAU</h3><table class="result"><tr><th>Exception</th></tr><tr><td><div class="stacktrace">com.pdfunit.errors.PDFUnitValidationException: Expected image &apos;C:\Users\u...ages_Extraction\purchaseReceipt_PDF_resource_2.png&apos; not found on specified page(s) [3] in &apos;C:\Users\u...est\resources\VerizonFiles\purchaseReceipt_PDF.pdf&apos;. Diff-image for mismatch: &apos;./purchaseReceipt_PDF.pdf.20200522-072621136.out.png&apos;.
	at obfuscated.dz.b(SourceFile:95)
	at com.pdfunit.validators.ImageValidator.matching(SourceFile:123)
	at com.VerizonTest.TestApplication2.ImageComparison_ThirdPage_BAU(TestApplication2.java:221)
... Removed 25 stack frames</div></td></tr></table><p class="totop"><a href="#summary">back to summary</a></p>
<h3 id="m2">com.VerizonTest.TestApplication2#PageValidation_NSA</h3><table class="result"><tr><th>Exception</th></tr><tr><td><div class="stacktrace">com.pdfunit.errors.PDFUnitValidationException: Unexpected number of pages in &apos;C:\Users\u...ers\user\Desktop\Generated\purchaseReceipt_PDF.pdf&apos;. Expected: 4, but was: 3.
	at obfuscated.ct.b(SourceFile:52)
	at com.pdfunit.validators.DocumentValidator.hasNumberOfPages(SourceFile:868)
	at com.VerizonTest.TestApplication2.PageValidation_NSA(TestApplication2.java:53)
... Removed 25 stack frames</div></td></tr></table><p class="totop"><a href="#summary">back to summary</a></p>
<h3 id="m3">com.VerizonTest.TestApplication2#RandomImageComparison</h3><table class="result"><tr><th>Exception</th></tr><tr><td><div class="stacktrace">com.pdfunit.errors.PDFUnitValidationException: Expected image &apos;C:\Users\u...df-in-tests\images\exported-image_ant-logo-PNG.png&apos; not found on specified page(s) [1, 2, 3] in &apos;C:\Users\u...rizonFiles\3_Device upgrade single_Receipt (1).pdf&apos;. Diff-image for mismatch: &apos;./3_Device upgrade single_Receipt (1).pdf.20200522-072622490.out.png&apos;.
	at obfuscated.dz.b(SourceFile:95)
	at com.pdfunit.validators.ImageValidator.matching(SourceFile:123)
	at com.VerizonTest.TestApplication2.RandomImageComparison(TestApplication2.java:233)
... Removed 25 stack frames</div></td></tr></table><p class="totop"><a href="#summary">back to summary</a></p>
<h3 id="m4">com.VerizonTest.TestApplication2#fontType_NegativeScenario</h3><table class="result"><tr><th>Exception</th></tr><tr><td><div class="stacktrace">com.pdfunit.errors.PDFUnitValidationException: &apos;C:\Users\u...est\resources\VerizonFiles\purchaseReceipt_PDF.pdf&apos; does not contain a font with a name containing &apos;Arial&apos;.
	at obfuscated.bs.b(SourceFile:59)
	at com.pdfunit.validators.FontNameValidator.withNameContaining(SourceFile:46)
	at com.VerizonTest.TestApplication2.fontType_NegativeScenario(TestApplication2.java:97)
... Removed 25 stack frames</div></td></tr></table><p class="totop"><a href="#summary">back to summary</a></p>
<h3 id="m5">TestProj.ReportGeneration#TC001_JsonRequest_validation</h3><table class="result"><tr><th class="invisible"/></tr></table><p class="totop"><a href="#summary">back to summary</a></p>
<h3 id="m6">TestProj.ReportGeneration#TC002_JsonDataGeneration</h3><table class="result"><tr><th class="invisible"/></tr></table><p class="totop"><a href="#summary">back to summary</a></p>
<h3 id="m7">TestProj.ReportGeneration#TC003_PDFDataGeneration</h3><table class="result"><tr><th class="invisible"/></tr></table><p class="totop"><a href="#summary">back to summary</a></p>
<h3 id="m8">TestProj.ReportGeneration#TC004_CommonDataGeneration</h3><table class="result"><tr><th class="invisible"/></tr></table><p class="totop"><a href="#summary">back to summary</a></p>
<h3 id="m9">TestProj.UtilityApplication#testExecutionflow</h3><table class="result"><tr><th class="invisible"/></tr></table><p class="totop"><a href="#summary">back to summary</a></p>
<h3 id="m10">com.VerizonTest.TestApplication2#BAU_FirstPageTextualValidations</h3><table class="result"><tr><th class="invisible"/></tr></table><p class="totop"><a href="#summary">back to summary</a></p>
<h3 id="m11">com.VerizonTest.TestApplication2#BAU_SecondPageTextualValidations</h3><table class="result"><tr><th class="invisible"/></tr></table><p class="totop"><a href="#summary">back to summary</a></p>
<h3 id="m12">com.VerizonTest.TestApplication2#BAU_ThirdPageTextualValidations</h3><table class="result"><tr><th class="invisible"/></tr></table><p class="totop"><a href="#summary">back to summary</a></p>
<h3 id="m13">com.VerizonTest.TestApplication2#ImageComparison_FirstPage_BAU</h3><table class="result"><tr><th class="invisible"/></tr></table><p class="totop"><a href="#summary">back to summary</a></p>
<h3 id="m14">com.VerizonTest.TestApplication2#NSA_FirstPageTextualValidations</h3><table class="result"><tr><th class="invisible"/></tr></table><p class="totop"><a href="#summary">back to summary</a></p>
<h3 id="m15">com.VerizonTest.TestApplication2#NSA_SecondPageTextualValidations</h3><table class="result"><tr><th class="invisible"/></tr></table><p class="totop"><a href="#summary">back to summary</a></p>
<h3 id="m16">com.VerizonTest.TestApplication2#NSA_ThirdPageTextualValidations</h3><table class="result"><tr><th class="invisible"/></tr></table><p class="totop"><a href="#summary">back to summary</a></p>
<h3 id="m17">com.VerizonTest.TestApplication2#PageValidation_BAU</h3><table class="result"><tr><th class="invisible"/></tr></table><p class="totop"><a href="#summary">back to summary</a></p>
<h3 id="m18">com.VerizonTest.TestApplication2#VisualImageComparison</h3><table class="result"><tr><th class="invisible"/></tr></table><p class="totop"><a href="#summary">back to summary</a></p>
<h3 id="m19">com.VerizonTest.TestApplication2#fontType_BAU</h3><table class="result"><tr><th class="invisible"/></tr></table><p class="totop"><a href="#summary">back to summary</a></p>
<h3 id="m20">com.VerizonTest.TestApplication2#fontType_NAS</h3><table class="result"><tr><th class="invisible"/></tr></table><p class="totop"><a href="#summary">back to summary</a></p>
</body>
</html>
