<?xml version="1.0" encoding="UTF-8"?>
<testng-results skipped="0" failed="5" ignored="0" total="21" passed="16">
  <reporter-output>
  </reporter-output>
  <suite name="Suite" duration-ms="41222" started-at="2020-05-22T01:55:47Z" finished-at="2020-05-22T01:56:28Z">
    <groups>
    </groups>
    <test name="Test" duration-ms="41222" started-at="2020-05-22T01:55:47Z" finished-at="2020-05-22T01:56:28Z">
      <class name="TestProj.UtilityApplication">
        <test-method status="PASS" signature="testExecutionflow()[pri:0, instance:TestProj.UtilityApplication@31f924f5]" name="testExecutionflow" duration-ms="11842" started-at="2020-05-22T01:55:47Z" finished-at="2020-05-22T01:55:59Z">
          <reporter-output>
          </reporter-output>
        </test-method> <!-- testExecutionflow -->
      </class> <!-- TestProj.UtilityApplication -->
      <class name="TestProj.ReportGeneration">
        <test-method status="PASS" signature="startReport()[pri:0, instance:TestProj.ReportGeneration@5c18298f]" name="startReport" is-config="true" duration-ms="449" started-at="2020-05-22T01:55:47Z" finished-at="2020-05-22T01:55:47Z">
          <reporter-output>
          </reporter-output>
        </test-method> <!-- startReport -->
        <test-method status="PASS" signature="TC001_JsonRequest_validation()[pri:0, instance:TestProj.ReportGeneration@5c18298f]" name="TC001_JsonRequest_validation" duration-ms="6" started-at="2020-05-22T01:55:59Z" description="Verify if the save button is enabled" finished-at="2020-05-22T01:55:59Z">
          <reporter-output>
          </reporter-output>
        </test-method> <!-- TC001_JsonRequest_validation -->
        <test-method status="PASS" signature="getResult(org.testng.ITestResult)[pri:0, instance:TestProj.ReportGeneration@5c18298f]" name="getResult" is-config="true" duration-ms="5" started-at="2020-05-22T01:55:59Z" finished-at="2020-05-22T01:55:59Z">
          <params>
            <param index="0">
              <value>
                <![CDATA[[TestResult name=TC001_JsonRequest_validation status=SUCCESS method=ReportGeneration.TC001_JsonRequest_validation()[pri:0, instance:TestProj.ReportGeneration@5c18298f] output={null}]]]>
              </value>
            </param>
          </params>
          <reporter-output>
          </reporter-output>
        </test-method> <!-- getResult -->
        <test-method status="PASS" signature="TC002_JsonDataGeneration()[pri:0, instance:TestProj.ReportGeneration@5c18298f]" name="TC002_JsonDataGeneration" duration-ms="58" started-at="2020-05-22T01:55:59Z" finished-at="2020-05-22T01:55:59Z">
          <reporter-output>
          </reporter-output>
        </test-method> <!-- TC002_JsonDataGeneration -->
        <test-method status="PASS" signature="getResult(org.testng.ITestResult)[pri:0, instance:TestProj.ReportGeneration@5c18298f]" name="getResult" is-config="true" duration-ms="2" started-at="2020-05-22T01:55:59Z" finished-at="2020-05-22T01:55:59Z">
          <params>
            <param index="0">
              <value>
                <![CDATA[[TestResult name=TC002_JsonDataGeneration status=SUCCESS method=ReportGeneration.TC002_JsonDataGeneration()[pri:0, instance:TestProj.ReportGeneration@5c18298f] output={null}]]]>
              </value>
            </param>
          </params>
          <reporter-output>
          </reporter-output>
        </test-method> <!-- getResult -->
        <test-method status="PASS" signature="TC003_PDFDataGeneration()[pri:0, instance:TestProj.ReportGeneration@5c18298f]" name="TC003_PDFDataGeneration" duration-ms="378" started-at="2020-05-22T01:55:59Z" finished-at="2020-05-22T01:56:00Z">
          <reporter-output>
          </reporter-output>
        </test-method> <!-- TC003_PDFDataGeneration -->
        <test-method status="PASS" signature="getResult(org.testng.ITestResult)[pri:0, instance:TestProj.ReportGeneration@5c18298f]" name="getResult" is-config="true" duration-ms="1" started-at="2020-05-22T01:56:00Z" finished-at="2020-05-22T01:56:00Z">
          <params>
            <param index="0">
              <value>
                <![CDATA[[TestResult name=TC003_PDFDataGeneration status=SUCCESS method=ReportGeneration.TC003_PDFDataGeneration()[pri:0, instance:TestProj.ReportGeneration@5c18298f] output={null}]]]>
              </value>
            </param>
          </params>
          <reporter-output>
          </reporter-output>
        </test-method> <!-- getResult -->
        <test-method status="PASS" signature="TC004_CommonDataGeneration()[pri:0, instance:TestProj.ReportGeneration@5c18298f]" name="TC004_CommonDataGeneration" duration-ms="278" started-at="2020-05-22T01:56:00Z" finished-at="2020-05-22T01:56:00Z">
          <reporter-output>
          </reporter-output>
        </test-method> <!-- TC004_CommonDataGeneration -->
        <test-method status="PASS" signature="getResult(org.testng.ITestResult)[pri:0, instance:TestProj.ReportGeneration@5c18298f]" name="getResult" is-config="true" duration-ms="1" started-at="2020-05-22T01:56:00Z" finished-at="2020-05-22T01:56:00Z">
          <params>
            <param index="0">
              <value>
                <![CDATA[[TestResult name=TC004_CommonDataGeneration status=SUCCESS method=ReportGeneration.TC004_CommonDataGeneration()[pri:0, instance:TestProj.ReportGeneration@5c18298f] output={null}]]]>
              </value>
            </param>
          </params>
          <reporter-output>
          </reporter-output>
        </test-method> <!-- getResult -->
        <test-method status="FAIL" signature="TC005_ExcelDataValidation()[pri:0, instance:TestProj.ReportGeneration@5c18298f]" name="TC005_ExcelDataValidation" duration-ms="38" started-at="2020-05-22T01:56:00Z" finished-at="2020-05-22T01:56:00Z">
          <exception class="java.lang.AssertionError">
            <message>
              <![CDATA[expected [true] but found [false]]]>
            </message>
            <full-stacktrace>
              <![CDATA[java.lang.AssertionError: expected [true] but found [false]
at org.testng.Assert.fail(Assert.java:96)
at org.testng.Assert.failNotEquals(Assert.java:776)
at org.testng.Assert.assertTrue(Assert.java:44)
at org.testng.Assert.assertTrue(Assert.java:54)
at TestProj.ReportGeneration.TC005_ExcelDataValidation(ReportGeneration.java:176)
at sun.reflect.NativeMethodAccessorImpl.invoke0(Native Method)
at sun.reflect.NativeMethodAccessorImpl.invoke(Unknown Source)
at sun.reflect.DelegatingMethodAccessorImpl.invoke(Unknown Source)
at java.lang.reflect.Method.invoke(Unknown Source)
at org.testng.internal.MethodInvocationHelper.invokeMethod(MethodInvocationHelper.java:124)
at org.testng.internal.Invoker.invokeMethod(Invoker.java:580)
at org.testng.internal.Invoker.invokeTestMethod(Invoker.java:716)
at org.testng.internal.Invoker.invokeTestMethods(Invoker.java:988)
at org.testng.internal.TestMethodWorker.invokeTestMethods(TestMethodWorker.java:125)
at org.testng.internal.TestMethodWorker.run(TestMethodWorker.java:109)
at org.testng.TestRunner.privateRun(TestRunner.java:648)
at org.testng.TestRunner.run(TestRunner.java:505)
at org.testng.SuiteRunner.runTest(SuiteRunner.java:455)
at org.testng.SuiteRunner.runSequentially(SuiteRunner.java:450)
at org.testng.SuiteRunner.privateRun(SuiteRunner.java:415)
at org.testng.SuiteRunner.run(SuiteRunner.java:364)
at org.testng.SuiteRunnerWorker.runSuite(SuiteRunnerWorker.java:52)
at org.testng.SuiteRunnerWorker.run(SuiteRunnerWorker.java:84)
at org.testng.TestNG.runSuitesSequentially(TestNG.java:1208)
at org.testng.TestNG.runSuitesLocally(TestNG.java:1137)
at org.testng.TestNG.runSuites(TestNG.java:1049)
at org.testng.TestNG.run(TestNG.java:1017)
at org.testng.remote.AbstractRemoteTestNG.run(AbstractRemoteTestNG.java:114)
at org.testng.remote.RemoteTestNG.initAndRun(RemoteTestNG.java:251)
at org.testng.remote.RemoteTestNG.main(RemoteTestNG.java:77)
]]>
            </full-stacktrace>
          </exception> <!-- java.lang.AssertionError -->
          <reporter-output>
          </reporter-output>
        </test-method> <!-- TC005_ExcelDataValidation -->
        <test-method status="PASS" signature="getResult(org.testng.ITestResult)[pri:0, instance:TestProj.ReportGeneration@5c18298f]" name="getResult" is-config="true" duration-ms="2" started-at="2020-05-22T01:56:00Z" finished-at="2020-05-22T01:56:00Z">
          <params>
            <param index="0">
              <value>
                <![CDATA[[TestResult name=TC005_ExcelDataValidation status=FAILURE method=ReportGeneration.TC005_ExcelDataValidation()[pri:0, instance:TestProj.ReportGeneration@5c18298f] output={null}]]]>
              </value>
            </param>
          </params>
          <reporter-output>
          </reporter-output>
        </test-method> <!-- getResult -->
        <test-method status="PASS" signature="endReport()[pri:0, instance:TestProj.ReportGeneration@5c18298f]" name="endReport" is-config="true" duration-ms="985" started-at="2020-05-22T01:56:27Z" finished-at="2020-05-22T01:56:28Z">
          <reporter-output>
          </reporter-output>
        </test-method> <!-- endReport -->
      </class> <!-- TestProj.ReportGeneration -->
      <class name="com.VerizonTest.TestApplication2">
        <test-method status="PASS" signature="BAU_FirstPageTextualValidations()[pri:0, instance:com.VerizonTest.TestApplication2@5579bb86]" name="BAU_FirstPageTextualValidations" duration-ms="19661" started-at="2020-05-22T01:56:00Z" description="Validates the textual Characters present in the 1st Page of The BAU" finished-at="2020-05-22T01:56:20Z">
          <reporter-output>
          </reporter-output>
        </test-method> <!-- BAU_FirstPageTextualValidations -->
        <test-method status="PASS" signature="BAU_SecondPageTextualValidations()[pri:0, instance:com.VerizonTest.TestApplication2@5579bb86]" name="BAU_SecondPageTextualValidations" duration-ms="259" started-at="2020-05-22T01:56:20Z" description="Validates the textual Characters present in the 2nd Page of The BAU" finished-at="2020-05-22T01:56:20Z">
          <reporter-output>
          </reporter-output>
        </test-method> <!-- BAU_SecondPageTextualValidations -->
        <test-method status="PASS" signature="BAU_ThirdPageTextualValidations()[pri:0, instance:com.VerizonTest.TestApplication2@5579bb86]" name="BAU_ThirdPageTextualValidations" duration-ms="188" started-at="2020-05-22T01:56:20Z" description="Validates the textual Characters present in the 3rd Page of The BAU" finished-at="2020-05-22T01:56:20Z">
          <reporter-output>
          </reporter-output>
        </test-method> <!-- BAU_ThirdPageTextualValidations -->
        <test-method status="PASS" signature="ImageComparison_FirstPage_BAU()[pri:0, instance:com.VerizonTest.TestApplication2@5579bb86]" name="ImageComparison_FirstPage_BAU" duration-ms="354" started-at="2020-05-22T01:56:20Z" description="validating verizon logo with the NSA pdf-- 1st page" finished-at="2020-05-22T01:56:21Z">
          <reporter-output>
          </reporter-output>
        </test-method> <!-- ImageComparison_FirstPage_BAU -->
        <test-method status="FAIL" signature="ImageComparison_ThirdPage_BAU()[pri:0, instance:com.VerizonTest.TestApplication2@5579bb86]" name="ImageComparison_ThirdPage_BAU" duration-ms="121" started-at="2020-05-22T01:56:21Z" description="validating verizon logo(present in 1st page) with the NSA pdf-- 3rd page" finished-at="2020-05-22T01:56:21Z">
          <exception class="com.pdfunit.errors.PDFUnitValidationException">
            <message>
              <![CDATA[Expected image 'C:\Users\u...ages_Extraction\purchaseReceipt_PDF_resource_2.png' not found on specified page(s) [3] in 'C:\Users\u...est\resources\VerizonFiles\purchaseReceipt_PDF.pdf'. Diff-image for mismatch: './purchaseReceipt_PDF.pdf.20200522-072621136.out.png'.]]>
            </message>
            <full-stacktrace>
              <![CDATA[com.pdfunit.errors.PDFUnitValidationException: Expected image 'C:\Users\u...ages_Extraction\purchaseReceipt_PDF_resource_2.png' not found on specified page(s) [3] in 'C:\Users\u...est\resources\VerizonFiles\purchaseReceipt_PDF.pdf'. Diff-image for mismatch: './purchaseReceipt_PDF.pdf.20200522-072621136.out.png'.
at obfuscated.dz.b(SourceFile:95)
at com.pdfunit.validators.ImageValidator.matching(SourceFile:123)
at com.VerizonTest.TestApplication2.ImageComparison_ThirdPage_BAU(TestApplication2.java:221)
at sun.reflect.NativeMethodAccessorImpl.invoke0(Native Method)
at sun.reflect.NativeMethodAccessorImpl.invoke(Unknown Source)
at sun.reflect.DelegatingMethodAccessorImpl.invoke(Unknown Source)
at java.lang.reflect.Method.invoke(Unknown Source)
at org.testng.internal.MethodInvocationHelper.invokeMethod(MethodInvocationHelper.java:124)
at org.testng.internal.Invoker.invokeMethod(Invoker.java:580)
at org.testng.internal.Invoker.invokeTestMethod(Invoker.java:716)
at org.testng.internal.Invoker.invokeTestMethods(Invoker.java:988)
at org.testng.internal.TestMethodWorker.invokeTestMethods(TestMethodWorker.java:125)
at org.testng.internal.TestMethodWorker.run(TestMethodWorker.java:109)
at org.testng.TestRunner.privateRun(TestRunner.java:648)
at org.testng.TestRunner.run(TestRunner.java:505)
at org.testng.SuiteRunner.runTest(SuiteRunner.java:455)
at org.testng.SuiteRunner.runSequentially(SuiteRunner.java:450)
at org.testng.SuiteRunner.privateRun(SuiteRunner.java:415)
at org.testng.SuiteRunner.run(SuiteRunner.java:364)
at org.testng.SuiteRunnerWorker.runSuite(SuiteRunnerWorker.java:52)
at org.testng.SuiteRunnerWorker.run(SuiteRunnerWorker.java:84)
at org.testng.TestNG.runSuitesSequentially(TestNG.java:1208)
at org.testng.TestNG.runSuitesLocally(TestNG.java:1137)
at org.testng.TestNG.runSuites(TestNG.java:1049)
at org.testng.TestNG.run(TestNG.java:1017)
at org.testng.remote.AbstractRemoteTestNG.run(AbstractRemoteTestNG.java:114)
at org.testng.remote.RemoteTestNG.initAndRun(RemoteTestNG.java:251)
at org.testng.remote.RemoteTestNG.main(RemoteTestNG.java:77)
]]>
            </full-stacktrace>
          </exception> <!-- com.pdfunit.errors.PDFUnitValidationException -->
          <reporter-output>
          </reporter-output>
        </test-method> <!-- ImageComparison_ThirdPage_BAU -->
        <test-method status="PASS" signature="NSA_FirstPageTextualValidations()[pri:0, instance:com.VerizonTest.TestApplication2@5579bb86]" name="NSA_FirstPageTextualValidations" duration-ms="293" started-at="2020-05-22T01:56:21Z" description="Validates the textual Characters present in the 1st Page of The NSA" finished-at="2020-05-22T01:56:21Z">
          <reporter-output>
          </reporter-output>
        </test-method> <!-- NSA_FirstPageTextualValidations -->
        <test-method status="PASS" signature="NSA_SecondPageTextualValidations()[pri:0, instance:com.VerizonTest.TestApplication2@5579bb86]" name="NSA_SecondPageTextualValidations" duration-ms="541" started-at="2020-05-22T01:56:21Z" description="Validates the textual Characters present in the 2nd Page of The NSA" finished-at="2020-05-22T01:56:22Z">
          <reporter-output>
          </reporter-output>
        </test-method> <!-- NSA_SecondPageTextualValidations -->
        <test-method status="PASS" signature="NSA_ThirdPageTextualValidations()[pri:0, instance:com.VerizonTest.TestApplication2@5579bb86]" name="NSA_ThirdPageTextualValidations" duration-ms="166" started-at="2020-05-22T01:56:22Z" description="Validates the textual Characters present in the 3rd Page of The NSA" finished-at="2020-05-22T01:56:22Z">
          <reporter-output>
          </reporter-output>
        </test-method> <!-- NSA_ThirdPageTextualValidations -->
        <test-method status="PASS" signature="PageValidation_BAU()[pri:0, instance:com.VerizonTest.TestApplication2@5579bb86]" name="PageValidation_BAU" duration-ms="10" started-at="2020-05-22T01:56:22Z" description="Validating the default pages present in the BAU - PDF" finished-at="2020-05-22T01:56:22Z">
          <reporter-output>
          </reporter-output>
        </test-method> <!-- PageValidation_BAU -->
        <test-method status="FAIL" signature="PageValidation_NSA()[pri:0, instance:com.VerizonTest.TestApplication2@5579bb86]" name="PageValidation_NSA" duration-ms="11" started-at="2020-05-22T01:56:22Z" description="Validating the default pages present in the NAS - PDF" finished-at="2020-05-22T01:56:22Z">
          <exception class="com.pdfunit.errors.PDFUnitValidationException">
            <message>
              <![CDATA[Unexpected number of pages in 'C:\Users\u...ers\user\Desktop\Generated\purchaseReceipt_PDF.pdf'. Expected: 4, but was: 3.]]>
            </message>
            <full-stacktrace>
              <![CDATA[com.pdfunit.errors.PDFUnitValidationException: Unexpected number of pages in 'C:\Users\u...ers\user\Desktop\Generated\purchaseReceipt_PDF.pdf'. Expected: 4, but was: 3.
at obfuscated.ct.b(SourceFile:52)
at com.pdfunit.validators.DocumentValidator.hasNumberOfPages(SourceFile:868)
at com.VerizonTest.TestApplication2.PageValidation_NSA(TestApplication2.java:53)
at sun.reflect.NativeMethodAccessorImpl.invoke0(Native Method)
at sun.reflect.NativeMethodAccessorImpl.invoke(Unknown Source)
at sun.reflect.DelegatingMethodAccessorImpl.invoke(Unknown Source)
at java.lang.reflect.Method.invoke(Unknown Source)
at org.testng.internal.MethodInvocationHelper.invokeMethod(MethodInvocationHelper.java:124)
at org.testng.internal.Invoker.invokeMethod(Invoker.java:580)
at org.testng.internal.Invoker.invokeTestMethod(Invoker.java:716)
at org.testng.internal.Invoker.invokeTestMethods(Invoker.java:988)
at org.testng.internal.TestMethodWorker.invokeTestMethods(TestMethodWorker.java:125)
at org.testng.internal.TestMethodWorker.run(TestMethodWorker.java:109)
at org.testng.TestRunner.privateRun(TestRunner.java:648)
at org.testng.TestRunner.run(TestRunner.java:505)
at org.testng.SuiteRunner.runTest(SuiteRunner.java:455)
at org.testng.SuiteRunner.runSequentially(SuiteRunner.java:450)
at org.testng.SuiteRunner.privateRun(SuiteRunner.java:415)
at org.testng.SuiteRunner.run(SuiteRunner.java:364)
at org.testng.SuiteRunnerWorker.runSuite(SuiteRunnerWorker.java:52)
at org.testng.SuiteRunnerWorker.run(SuiteRunnerWorker.java:84)
at org.testng.TestNG.runSuitesSequentially(TestNG.java:1208)
at org.testng.TestNG.runSuitesLocally(TestNG.java:1137)
at org.testng.TestNG.runSuites(TestNG.java:1049)
at org.testng.TestNG.run(TestNG.java:1017)
at org.testng.remote.AbstractRemoteTestNG.run(AbstractRemoteTestNG.java:114)
at org.testng.remote.RemoteTestNG.initAndRun(RemoteTestNG.java:251)
at org.testng.remote.RemoteTestNG.main(RemoteTestNG.java:77)
]]>
            </full-stacktrace>
          </exception> <!-- com.pdfunit.errors.PDFUnitValidationException -->
          <reporter-output>
          </reporter-output>
        </test-method> <!-- PageValidation_NSA -->
        <test-method status="FAIL" signature="RandomImageComparison()[pri:0, instance:com.VerizonTest.TestApplication2@5579bb86]" name="RandomImageComparison" duration-ms="280" started-at="2020-05-22T01:56:22Z" description="Random Image Comparison" finished-at="2020-05-22T01:56:22Z">
          <exception class="com.pdfunit.errors.PDFUnitValidationException">
            <message>
              <![CDATA[Expected image 'C:\Users\u...df-in-tests\images\exported-image_ant-logo-PNG.png' not found on specified page(s) [1, 2, 3] in 'C:\Users\u...rizonFiles\3_Device upgrade single_Receipt (1).pdf'. Diff-image for mismatch: './3_Device upgrade single_Receipt (1).pdf.20200522-072622490.out.png'.]]>
            </message>
            <full-stacktrace>
              <![CDATA[com.pdfunit.errors.PDFUnitValidationException: Expected image 'C:\Users\u...df-in-tests\images\exported-image_ant-logo-PNG.png' not found on specified page(s) [1, 2, 3] in 'C:\Users\u...rizonFiles\3_Device upgrade single_Receipt (1).pdf'. Diff-image for mismatch: './3_Device upgrade single_Receipt (1).pdf.20200522-072622490.out.png'.
at obfuscated.dz.b(SourceFile:95)
at com.pdfunit.validators.ImageValidator.matching(SourceFile:123)
at com.VerizonTest.TestApplication2.RandomImageComparison(TestApplication2.java:233)
at sun.reflect.NativeMethodAccessorImpl.invoke0(Native Method)
at sun.reflect.NativeMethodAccessorImpl.invoke(Unknown Source)
at sun.reflect.DelegatingMethodAccessorImpl.invoke(Unknown Source)
at java.lang.reflect.Method.invoke(Unknown Source)
at org.testng.internal.MethodInvocationHelper.invokeMethod(MethodInvocationHelper.java:124)
at org.testng.internal.Invoker.invokeMethod(Invoker.java:580)
at org.testng.internal.Invoker.invokeTestMethod(Invoker.java:716)
at org.testng.internal.Invoker.invokeTestMethods(Invoker.java:988)
at org.testng.internal.TestMethodWorker.invokeTestMethods(TestMethodWorker.java:125)
at org.testng.internal.TestMethodWorker.run(TestMethodWorker.java:109)
at org.testng.TestRunner.privateRun(TestRunner.java:648)
at org.testng.TestRunner.run(TestRunner.java:505)
at org.testng.SuiteRunner.runTest(SuiteRunner.java:455)
at org.testng.SuiteRunner.runSequentially(SuiteRunner.java:450)
at org.testng.SuiteRunner.privateRun(SuiteRunner.java:415)
at org.testng.SuiteRunner.run(SuiteRunner.java:364)
at org.testng.SuiteRunnerWorker.runSuite(SuiteRunnerWorker.java:52)
at org.testng.SuiteRunnerWorker.run(SuiteRunnerWorker.java:84)
at org.testng.TestNG.runSuitesSequentially(TestNG.java:1208)
at org.testng.TestNG.runSuitesLocally(TestNG.java:1137)
at org.testng.TestNG.runSuites(TestNG.java:1049)
at org.testng.TestNG.run(TestNG.java:1017)
at org.testng.remote.AbstractRemoteTestNG.run(AbstractRemoteTestNG.java:114)
at org.testng.remote.RemoteTestNG.initAndRun(RemoteTestNG.java:251)
at org.testng.remote.RemoteTestNG.main(RemoteTestNG.java:77)
]]>
            </full-stacktrace>
          </exception> <!-- com.pdfunit.errors.PDFUnitValidationException -->
          <reporter-output>
          </reporter-output>
        </test-method> <!-- RandomImageComparison -->
        <test-method status="PASS" signature="VisualImageComparison()[pri:0, instance:com.VerizonTest.TestApplication2@5579bb86]" name="VisualImageComparison" duration-ms="5039" started-at="2020-05-22T01:56:22Z" description="visual comparison between the two pdfs" finished-at="2020-05-22T01:56:27Z">
          <reporter-output>
          </reporter-output>
        </test-method> <!-- VisualImageComparison -->
        <test-method status="PASS" signature="fontType_BAU()[pri:0, instance:com.VerizonTest.TestApplication2@5579bb86]" name="fontType_BAU" duration-ms="26" started-at="2020-05-22T01:56:27Z" description="Validates the default fonts present in the Schema Page for the BAU pdf" finished-at="2020-05-22T01:56:27Z">
          <reporter-output>
          </reporter-output>
        </test-method> <!-- fontType_BAU -->
        <test-method status="PASS" signature="fontType_NAS()[pri:0, instance:com.VerizonTest.TestApplication2@5579bb86]" name="fontType_NAS" duration-ms="14" started-at="2020-05-22T01:56:27Z" description="Validates the default fonts present in the Schema Page for the NAS pdf" finished-at="2020-05-22T01:56:27Z">
          <reporter-output>
          </reporter-output>
        </test-method> <!-- fontType_NAS -->
        <test-method status="FAIL" signature="fontType_NegativeScenario()[pri:0, instance:com.VerizonTest.TestApplication2@5579bb86]" name="fontType_NegativeScenario" duration-ms="18" started-at="2020-05-22T01:56:27Z" description="Validates the negative scenario for either of the PDF schema" finished-at="2020-05-22T01:56:27Z">
          <exception class="com.pdfunit.errors.PDFUnitValidationException">
            <message>
              <![CDATA['C:\Users\u...est\resources\VerizonFiles\purchaseReceipt_PDF.pdf' does not contain a font with a name containing 'Arial'.]]>
            </message>
            <full-stacktrace>
              <![CDATA[com.pdfunit.errors.PDFUnitValidationException: 'C:\Users\u...est\resources\VerizonFiles\purchaseReceipt_PDF.pdf' does not contain a font with a name containing 'Arial'.
at obfuscated.bs.b(SourceFile:59)
at com.pdfunit.validators.FontNameValidator.withNameContaining(SourceFile:46)
at com.VerizonTest.TestApplication2.fontType_NegativeScenario(TestApplication2.java:97)
at sun.reflect.NativeMethodAccessorImpl.invoke0(Native Method)
at sun.reflect.NativeMethodAccessorImpl.invoke(Unknown Source)
at sun.reflect.DelegatingMethodAccessorImpl.invoke(Unknown Source)
at java.lang.reflect.Method.invoke(Unknown Source)
at org.testng.internal.MethodInvocationHelper.invokeMethod(MethodInvocationHelper.java:124)
at org.testng.internal.Invoker.invokeMethod(Invoker.java:580)
at org.testng.internal.Invoker.invokeTestMethod(Invoker.java:716)
at org.testng.internal.Invoker.invokeTestMethods(Invoker.java:988)
at org.testng.internal.TestMethodWorker.invokeTestMethods(TestMethodWorker.java:125)
at org.testng.internal.TestMethodWorker.run(TestMethodWorker.java:109)
at org.testng.TestRunner.privateRun(TestRunner.java:648)
at org.testng.TestRunner.run(TestRunner.java:505)
at org.testng.SuiteRunner.runTest(SuiteRunner.java:455)
at org.testng.SuiteRunner.runSequentially(SuiteRunner.java:450)
at org.testng.SuiteRunner.privateRun(SuiteRunner.java:415)
at org.testng.SuiteRunner.run(SuiteRunner.java:364)
at org.testng.SuiteRunnerWorker.runSuite(SuiteRunnerWorker.java:52)
at org.testng.SuiteRunnerWorker.run(SuiteRunnerWorker.java:84)
at org.testng.TestNG.runSuitesSequentially(TestNG.java:1208)
at org.testng.TestNG.runSuitesLocally(TestNG.java:1137)
at org.testng.TestNG.runSuites(TestNG.java:1049)
at org.testng.TestNG.run(TestNG.java:1017)
at org.testng.remote.AbstractRemoteTestNG.run(AbstractRemoteTestNG.java:114)
at org.testng.remote.RemoteTestNG.initAndRun(RemoteTestNG.java:251)
at org.testng.remote.RemoteTestNG.main(RemoteTestNG.java:77)
]]>
            </full-stacktrace>
          </exception> <!-- com.pdfunit.errors.PDFUnitValidationException -->
          <reporter-output>
          </reporter-output>
        </test-method> <!-- fontType_NegativeScenario -->
      </class> <!-- com.VerizonTest.TestApplication2 -->
    </test> <!-- Test -->
  </suite> <!-- Suite -->
</testng-results>
